Determining if the pthread_create exist failed with the following output:
Change Dir: /home/hy/ORB_SLAM3_1.0/Examples_old/ROS/ORB_SLAM3/build/CMakeFiles/CMakeTmp

Run Build Command:"/usr/bin/make" "cmTC_008c9/fast"
/usr/bin/make -f CMakeFiles/cmTC_008c9.dir/build.make CMakeFiles/cmTC_008c9.dir/build
make[1]: 进入目录“/home/hy/ORB_SLAM3_1.0/Examples_old/ROS/ORB_SLAM3/build/CMakeFiles/CMakeTmp”
Building C object CMakeFiles/cmTC_008c9.dir/CheckSymbolExists.c.o
/usr/bin/cc    -o CMakeFiles/cmTC_008c9.dir/CheckSymbolExists.c.o   -c /home/hy/ORB_SLAM3_1.0/Examples_old/ROS/ORB_SLAM3/build/CMakeFiles/CMakeTmp/CheckSymbolExists.c
Linking C executable cmTC_008c9
/usr/bin/cmake -E cmake_link_script CMakeFiles/cmTC_008c9.dir/link.txt --verbose=1
/usr/bin/cc      -rdynamic CMakeFiles/cmTC_008c9.dir/CheckSymbolExists.c.o  -o cmTC_008c9 
CMakeFiles/cmTC_008c9.dir/CheckSymbolExists.c.o：在函数‘main’中：
CheckSymbolExists.c:(.text+0x1b)：对‘pthread_create’未定义的引用
collect2: error: ld returned 1 exit status
CMakeFiles/cmTC_008c9.dir/build.make:97: recipe for target 'cmTC_008c9' failed
make[1]: *** [cmTC_008c9] Error 1
make[1]: 离开目录“/home/hy/ORB_SLAM3_1.0/Examples_old/ROS/ORB_SLAM3/build/CMakeFiles/CMakeTmp”
Makefile:126: recipe for target 'cmTC_008c9/fast' failed
make: *** [cmTC_008c9/fast] Error 2

File /home/hy/ORB_SLAM3_1.0/Examples_old/ROS/ORB_SLAM3/build/CMakeFiles/CMakeTmp/CheckSymbolExists.c:
/* */
#include <pthread.h>

int main(int argc, char** argv)
{
  (void)argv;
#ifndef pthread_create
  return ((int*)(&pthread_create))[argc];
#else
  (void)argc;
  return 0;
#endif
}

Determining if the function pthread_create exists in the pthreads failed with the following output:
Change Dir: /home/hy/ORB_SLAM3_1.0/Examples_old/ROS/ORB_SLAM3/build/CMakeFiles/CMakeTmp

Run Build Command:"/usr/bin/make" "cmTC_c7bec/fast"
/usr/bin/make -f CMakeFiles/cmTC_c7bec.dir/build.make CMakeFiles/cmTC_c7bec.dir/build
make[1]: 进入目录“/home/hy/ORB_SLAM3_1.0/Examples_old/ROS/ORB_SLAM3/build/CMakeFiles/CMakeTmp”
Building C object CMakeFiles/cmTC_c7bec.dir/CheckFunctionExists.c.o
/usr/bin/cc   -DCHECK_FUNCTION_EXISTS=pthread_create   -o CMakeFiles/cmTC_c7bec.dir/CheckFunctionExists.c.o   -c /usr/share/cmake-3.10/Modules/CheckFunctionExists.c
Linking C executable cmTC_c7bec
/usr/bin/cmake -E cmake_link_script CMakeFiles/cmTC_c7bec.dir/link.txt --verbose=1
/usr/bin/cc  -DCHECK_FUNCTION_EXISTS=pthread_create    -rdynamic CMakeFiles/cmTC_c7bec.dir/CheckFunctionExists.c.o  -o cmTC_c7bec -lpthreads 
/usr/bin/ld: 找不到 -lpthreads
collect2: error: ld returned 1 exit status
CMakeFiles/cmTC_c7bec.dir/build.make:97: recipe for target 'cmTC_c7bec' failed
make[1]: *** [cmTC_c7bec] Error 1
make[1]: 离开目录“/home/hy/ORB_SLAM3_1.0/Examples_old/ROS/ORB_SLAM3/build/CMakeFiles/CMakeTmp”
Makefile:126: recipe for target 'cmTC_c7bec/fast' failed
make: *** [cmTC_c7bec/fast] Error 2


